<?xml version="1.0" encoding="UTF-8"?><testsuite errors="0" failures="0" name="Pruebas Usuarios" skipped="0" tests="7" time="130.36" timestamp="2024-10-15 01:45:37"><testcase name=": Interacción con el Cuadro de Texto"/><testcase name="seleccionar los apartados indicados y generar la validación que corresponde."/><testcase name="Interactuar con la opcion Radio Buttom, seleccionar alguna de las opciones y generar la respectiva validación."/><testcase name="Interactuar con Tabla Web y Crear, Editar y Eliminar Registro"/><testcase name=": Interacción con Botones"/><testcase name="Carga de Archivo"/><testcase name="completar el formulario y agregar la respectiva validación."/></testsuite>